2018-04-12 17:16:30 [main] INFO  com.zy.SpringbootzyApplication- Starting SpringbootzyApplication on PV-3 with PID 4324 (D:\ideaxxz\springbootzy\target\classes started by Administrator in D:\ideaxxz\springbootzy)
2018-04-12 17:16:30 [main] INFO  com.zy.SpringbootzyApplication- No active profile set, falling back to default profiles: default
2018-04-12 17:16:30 [main] INFO  org.springframework.boot.web.servlet.context.AnnotationConfigServletWebServerApplicationContext- Refreshing org.springframework.boot.web.servlet.context.AnnotationConfigServletWebServerApplicationContext@6e470501: startup date [Thu Apr 12 17:16:30 CST 2018]; root of context hierarchy
2018-04-12 17:16:31 [main] WARN  tk.mybatis.spring.mapper.ClassPathMapperScanner- No MyBatis mapper was found in '[com.zy]' package. Please check your configuration.
2018-04-12 17:16:31 [main] WARN  org.mybatis.spring.mapper.ClassPathMapperScanner- No MyBatis mapper was found in '[com.zy]' package. Please check your configuration.
2018-04-12 17:16:31 [main] INFO  org.springframework.boot.web.embedded.tomcat.TomcatWebServer- Tomcat initialized with port(s): 8888 (http)
2018-04-12 17:16:31 [main] INFO  org.apache.catalina.core.StandardService- Starting service [Tomcat]
2018-04-12 17:16:31 [main] INFO  org.apache.catalina.core.StandardEngine- Starting Servlet Engine: Apache Tomcat/8.5.28
2018-04-12 17:16:31 [localhost-startStop-1] INFO  org.apache.catalina.core.AprLifecycleListener- The APR based Apache Tomcat Native library which allows optimal performance in production environments was not found on the java.library.path: [D:\java\jdk1.8.0_152\bin;C:\windows\Sun\Java\bin;C:\windows\system32;C:\windows;C:\Program Files\MySQL\MySQL Server 5.7\bin;D:\java\jdk1.8.0_152\bin;D:\java\jdk1.8.0_152\jre\bin;D:\maven\apache-maven-3.5.3\bin;C:\ProgramData\Oracle\Java\javapath;C:\windows\system32;C:\windows;C:\windows\System32\Wbem;C:\windows\System32\WindowsPowerShell\v1.0\;C:\Users\Administrator\AppData\Local\Microsoft\WindowsApps;C:\Users\Administrator\AppData\Local\GitHubDesktop\bin;.]
2018-04-12 17:16:31 [localhost-startStop-1] INFO  org.apache.catalina.core.ContainerBase.[Tomcat].[localhost].[/]- Initializing Spring embedded WebApplicationContext
2018-04-12 17:16:31 [localhost-startStop-1] INFO  org.springframework.web.context.ContextLoader- Root WebApplicationContext: initialization completed in 1307 ms
2018-04-12 17:16:32 [localhost-startStop-1] INFO  org.springframework.boot.web.servlet.ServletRegistrationBean- Servlet dispatcherServlet mapped to [/]
2018-04-12 17:16:32 [localhost-startStop-1] INFO  org.springframework.boot.web.servlet.FilterRegistrationBean- Mapping filter: 'characterEncodingFilter' to: [/*]
2018-04-12 17:16:32 [localhost-startStop-1] INFO  org.springframework.boot.web.servlet.FilterRegistrationBean- Mapping filter: 'hiddenHttpMethodFilter' to: [/*]
2018-04-12 17:16:32 [localhost-startStop-1] INFO  org.springframework.boot.web.servlet.FilterRegistrationBean- Mapping filter: 'httpPutFormContentFilter' to: [/*]
2018-04-12 17:16:32 [localhost-startStop-1] INFO  org.springframework.boot.web.servlet.FilterRegistrationBean- Mapping filter: 'requestContextFilter' to: [/*]
2018-04-12 17:16:32 [main] INFO  org.springframework.web.servlet.mvc.method.annotation.RequestMappingHandlerAdapter- Looking for @ControllerAdvice: org.springframework.boot.web.servlet.context.AnnotationConfigServletWebServerApplicationContext@6e470501: startup date [Thu Apr 12 17:16:30 CST 2018]; root of context hierarchy
2018-04-12 17:16:32 [main] INFO  org.springframework.web.servlet.mvc.method.annotation.RequestMappingHandlerMapping- Mapped "{[/login]}" onto public org.springframework.web.servlet.ModelAndView com.zy.controller.CommodityHelpController.index()
2018-04-12 17:16:32 [main] INFO  org.springframework.web.servlet.mvc.method.annotation.RequestMappingHandlerMapping- Mapped "{[/getById]}" onto public com.zy.utils.ZYJSONResult com.zy.controller.CommodityHelpController.getById()
2018-04-12 17:16:32 [main] INFO  org.springframework.web.servlet.mvc.method.annotation.RequestMappingHandlerMapping- Mapped "{[/saveUserInfo]}" onto public com.zy.utils.ZYJSONResult com.zy.controller.CommodityHelpController.saveUserInfo()
2018-04-12 17:16:32 [main] INFO  org.springframework.web.servlet.mvc.method.annotation.RequestMappingHandlerMapping- Mapped "{[/log],methods=[GET]}" onto public org.springframework.web.servlet.ModelAndView com.zy.controller.CommodityHelpController.login()
2018-04-12 17:16:32 [main] INFO  org.springframework.web.servlet.mvc.method.annotation.RequestMappingHandlerMapping- Mapped "{[/uploadFile],methods=[POST]}" onto public org.springframework.web.servlet.ModelAndView com.zy.controller.CommodityHelpController.uploadFile(org.springframework.web.multipart.MultipartFile,javax.servlet.http.HttpServletRequest) throws java.io.IOException
2018-04-12 17:16:32 [main] INFO  org.springframework.web.servlet.mvc.method.annotation.RequestMappingHandlerMapping- Mapped "{[/selectAll]}" onto public com.zy.utils.ZYJSONResult com.zy.controller.CommodityHelpController.selectAll()
2018-04-12 17:16:32 [main] INFO  org.springframework.web.servlet.mvc.method.annotation.RequestMappingHandlerMapping- Mapped "{[/error]}" onto public org.springframework.http.ResponseEntity<java.util.Map<java.lang.String, java.lang.Object>> org.springframework.boot.autoconfigure.web.servlet.error.BasicErrorController.error(javax.servlet.http.HttpServletRequest)
2018-04-12 17:16:32 [main] INFO  org.springframework.web.servlet.mvc.method.annotation.RequestMappingHandlerMapping- Mapped "{[/error],produces=[text/html]}" onto public org.springframework.web.servlet.ModelAndView org.springframework.boot.autoconfigure.web.servlet.error.BasicErrorController.errorHtml(javax.servlet.http.HttpServletRequest,javax.servlet.http.HttpServletResponse)
2018-04-12 17:16:32 [main] INFO  org.springframework.web.servlet.handler.SimpleUrlHandlerMapping- Mapped URL path [/webjars/**] onto handler of type [class org.springframework.web.servlet.resource.ResourceHttpRequestHandler]
2018-04-12 17:16:32 [main] INFO  org.springframework.web.servlet.handler.SimpleUrlHandlerMapping- Mapped URL path [/**] onto handler of type [class org.springframework.web.servlet.resource.ResourceHttpRequestHandler]
2018-04-12 17:16:32 [main] INFO  org.springframework.web.servlet.handler.SimpleUrlHandlerMapping- Mapped URL path [/**/favicon.ico] onto handler of type [class org.springframework.web.servlet.resource.ResourceHttpRequestHandler]
2018-04-12 17:16:33 [main] INFO  org.springframework.boot.autoconfigure.web.servlet.WelcomePageHandlerMapping- Adding welcome page template: index
2018-04-12 17:16:33 [main] INFO  org.springframework.jmx.export.annotation.AnnotationMBeanExporter- Registering beans for JMX exposure on startup
2018-04-12 17:16:33 [main] INFO  org.springframework.jmx.export.annotation.AnnotationMBeanExporter- Bean with name 'dataSource' has been autodetected for JMX exposure
2018-04-12 17:16:33 [main] INFO  org.springframework.jmx.export.annotation.AnnotationMBeanExporter- Located MBean 'dataSource': registering with JMX server as MBean [com.zaxxer.hikari:name=dataSource,type=HikariDataSource]
2018-04-12 17:16:33 [main] INFO  org.springframework.boot.web.embedded.tomcat.TomcatWebServer- Tomcat started on port(s): 8888 (http) with context path ''
2018-04-12 17:16:33 [main] INFO  com.zy.SpringbootzyApplication- Started SpringbootzyApplication in 3.764 seconds (JVM running for 8.116)
2018-04-12 17:17:20 [http-nio-8888-exec-1] INFO  org.apache.catalina.core.ContainerBase.[Tomcat].[localhost].[/]- Initializing Spring FrameworkServlet 'dispatcherServlet'
2018-04-12 17:17:20 [http-nio-8888-exec-1] INFO  org.springframework.web.servlet.DispatcherServlet- FrameworkServlet 'dispatcherServlet': initialization started
2018-04-12 17:17:20 [http-nio-8888-exec-1] INFO  org.springframework.web.servlet.DispatcherServlet- FrameworkServlet 'dispatcherServlet': initialization completed in 23 ms
2018-04-12 17:17:20 [http-nio-8888-exec-1] INFO  com.zy.controller.CommodityHelpController- ########测试mapper自定义sql接口，根据ID查询########
2018-04-12 17:17:20 [http-nio-8888-exec-1] INFO  com.zaxxer.hikari.HikariDataSource- HikariPool-1 - Starting...
2018-04-12 17:17:20 [http-nio-8888-exec-1] INFO  com.zaxxer.hikari.HikariDataSource- HikariPool-1 - Start completed.
2018-04-12 17:17:32 [http-nio-8888-exec-3] INFO  com.zy.controller.CommodityHelpController- ########测试mapper通用接口，查询所有########
